<?xml version="1.0" encoding="UTF-8"?>
<!-- Generated by org.testng.reporters.JUnitXMLReporter -->
<testsuite ignored="3" hostname="Durvesh_Intern" failures="0" tests="11" name="Regression" time="0.081" errors="0" timestamp="2024-08-27T18:07:29 IST">
  <testcase classname="test.Day1" name="Abc" time="0.004"/>
  <testcase classname="test.Day1" name="Demo" time="0.001"/>
  <testcase classname="test.Day1" name="Secondtest" time="0.001"/>
  <testcase classname="test.Day2" name="Ploan" time="0.001"/>
  <testcase classname="test.Day4" name="LoginAPIHomeLoan" time="0.001"/>
  <testcase classname="test.Day4" name="WebLoginHomeLoan" time="0.001"/>
  <testcase classname="test.Day3" name="MobileSignOutCarLoan" time="0.002"/>
  <testcase classname="test.Day3" name="MobileSignOutCarLoan" time="0.001"/>
  <testcase classname="test.Day3" name="MobileSignOutCarLoan" time="0.001"/>
  <testcase classname="test.Day3" name="WebLoginCarLoan" time="0.001"/>
  <testcase classname="test.Day3" name="APICarLoan" time="0.002"/>
  <testcase classname="test.Day3" name="MobileSignInCarLoan" time="0.0">
    <ignored/>
  </testcase> <!-- MobileSignInCarLoan -->
  <testcase classname="test.Day4" name="MobileLoginHomeLoan" time="0.0">
    <ignored/>
  </testcase> <!-- MobileLoginHomeLoan -->
  <testcase classname="test.Day3" name="MobileLoginCarLoan" time="0.0">
    <ignored/>
  </testcase> <!-- MobileLoginCarLoan -->
</testsuite> <!-- Regression -->
